[2025-08-08T07:05:27.953+0000] {manager.py:470} INFO - Processing files using up to 2 processes at a time 
[2025-08-08T07:05:27.956+0000] {manager.py:471} INFO - Process each file at most once every 30 seconds
[2025-08-08T07:05:27.958+0000] {manager.py:472} INFO - Checking for new files in /opt/airflow/dags every 300 seconds
[2025-08-08T07:05:27.960+0000] {manager.py:737} INFO - Searching for files in /opt/airflow/dags
[2025-08-08T07:05:27.994+0000] {manager.py:740} INFO - There are 1 files in /opt/airflow/dags
[2025-08-08T07:05:28.474+0000] {manager.py:878} INFO - 
================================================================================
DAG File Processing Stats

File Path                         PID  Runtime      # DAGs    # Errors  Last Runtime    Last Run
------------------------------  -----  ---------  --------  ----------  --------------  ----------
/opt/airflow/dags/stock_dag.py    197  0.27s             0           0
================================================================================
[2025-08-08T07:05:58.728+0000] {manager.py:878} INFO - 
================================================================================
DAG File Processing Stats

File Path                       PID    Runtime      # DAGs    # Errors  Last Runtime    Last Run
------------------------------  -----  ---------  --------  ----------  --------------  -------------------
/opt/airflow/dags/stock_dag.py                           1           0  0.78s           2025-08-08T07:05:28
================================================================================
[2025-08-08T07:06:28.937+0000] {manager.py:878} INFO - 
================================================================================
DAG File Processing Stats

File Path                       PID    Runtime      # DAGs    # Errors  Last Runtime    Last Run
------------------------------  -----  ---------  --------  ----------  --------------  -------------------
/opt/airflow/dags/stock_dag.py                           1           0  0.52s           2025-08-08T07:05:59
================================================================================
[2025-08-08T07:06:59.201+0000] {manager.py:878} INFO - 
================================================================================
DAG File Processing Stats

File Path                       PID    Runtime      # DAGs    # Errors  Last Runtime    Last Run
------------------------------  -----  ---------  --------  ----------  --------------  -------------------
/opt/airflow/dags/stock_dag.py                           1           0  0.18s           2025-08-08T07:06:30
================================================================================
[2025-08-08T07:07:29.589+0000] {manager.py:878} INFO - 
================================================================================
DAG File Processing Stats

File Path                       PID    Runtime      # DAGs    # Errors  Last Runtime    Last Run
------------------------------  -----  ---------  --------  ----------  --------------  -------------------
/opt/airflow/dags/stock_dag.py                           1           0  0.20s           2025-08-08T07:07:00
================================================================================
[2025-08-08T07:07:59.885+0000] {manager.py:878} INFO - 
================================================================================
DAG File Processing Stats

File Path                       PID    Runtime      # DAGs    # Errors  Last Runtime    Last Run
------------------------------  -----  ---------  --------  ----------  --------------  -------------------
/opt/airflow/dags/stock_dag.py                           1           0  0.21s           2025-08-08T07:07:30
================================================================================
[2025-08-08T07:08:30.296+0000] {manager.py:878} INFO - 
================================================================================
DAG File Processing Stats

File Path                       PID    Runtime      # DAGs    # Errors  Last Runtime    Last Run
------------------------------  -----  ---------  --------  ----------  --------------  -------------------
/opt/airflow/dags/stock_dag.py                           1           0  0.16s           2025-08-08T07:08:01
================================================================================
[2025-08-08T07:09:00.540+0000] {manager.py:878} INFO - 
================================================================================
DAG File Processing Stats

File Path                       PID    Runtime      # DAGs    # Errors  Last Runtime    Last Run
------------------------------  -----  ---------  --------  ----------  --------------  -------------------
/opt/airflow/dags/stock_dag.py                           1           0  0.20s           2025-08-08T07:08:31
================================================================================
[2025-08-08T07:09:31.029+0000] {manager.py:878} INFO - 
================================================================================
DAG File Processing Stats

File Path                       PID    Runtime      # DAGs    # Errors  Last Runtime    Last Run
------------------------------  -----  ---------  --------  ----------  --------------  -------------------
/opt/airflow/dags/stock_dag.py                           1           0  0.25s           2025-08-08T07:09:01
================================================================================
[2025-08-08T07:10:01.338+0000] {manager.py:878} INFO - 
================================================================================
DAG File Processing Stats

File Path                       PID    Runtime      # DAGs    # Errors  Last Runtime    Last Run
------------------------------  -----  ---------  --------  ----------  --------------  -------------------
/opt/airflow/dags/stock_dag.py                           1           0  0.16s           2025-08-08T07:09:32
================================================================================
[2025-08-08T07:10:28.015+0000] {manager.py:737} INFO - Searching for files in /opt/airflow/dags
[2025-08-08T07:10:28.038+0000] {manager.py:740} INFO - There are 1 files in /opt/airflow/dags
[2025-08-08T07:10:31.734+0000] {manager.py:878} INFO - 
================================================================================
DAG File Processing Stats

File Path                       PID    Runtime      # DAGs    # Errors  Last Runtime    Last Run
------------------------------  -----  ---------  --------  ----------  --------------  -------------------
/opt/airflow/dags/stock_dag.py                           1           0  0.47s           2025-08-08T07:10:02
================================================================================
[2025-08-08T07:11:02.349+0000] {manager.py:878} INFO - 
================================================================================
DAG File Processing Stats

File Path                       PID    Runtime      # DAGs    # Errors  Last Runtime    Last Run
------------------------------  -----  ---------  --------  ----------  --------------  -------------------
/opt/airflow/dags/stock_dag.py                           1           0  0.34s           2025-08-08T07:10:33
================================================================================
[2025-08-08T07:11:32.926+0000] {manager.py:878} INFO - 
================================================================================
DAG File Processing Stats

File Path                       PID    Runtime      # DAGs    # Errors  Last Runtime    Last Run
------------------------------  -----  ---------  --------  ----------  --------------  -------------------
/opt/airflow/dags/stock_dag.py                           1           0  0.32s           2025-08-08T07:11:03
================================================================================
[2025-08-08T07:12:03.489+0000] {manager.py:878} INFO - 
================================================================================
DAG File Processing Stats

File Path                       PID    Runtime      # DAGs    # Errors  Last Runtime    Last Run
------------------------------  -----  ---------  --------  ----------  --------------  -------------------
/opt/airflow/dags/stock_dag.py                           1           0  0.20s           2025-08-08T07:11:34
================================================================================
[2025-08-08T07:12:33.910+0000] {manager.py:878} INFO - 
================================================================================
DAG File Processing Stats

File Path                       PID    Runtime      # DAGs    # Errors  Last Runtime    Last Run
------------------------------  -----  ---------  --------  ----------  --------------  -------------------
/opt/airflow/dags/stock_dag.py                           1           0  0.22s           2025-08-08T07:12:04
================================================================================
[2025-08-08T07:13:04.231+0000] {manager.py:878} INFO - 
================================================================================
DAG File Processing Stats

File Path                       PID    Runtime      # DAGs    # Errors  Last Runtime    Last Run
------------------------------  -----  ---------  --------  ----------  --------------  -------------------
/opt/airflow/dags/stock_dag.py                           1           0  0.22s           2025-08-08T07:12:35
================================================================================
[2025-08-08T07:13:34.575+0000] {manager.py:878} INFO - 
================================================================================
DAG File Processing Stats

File Path                       PID    Runtime      # DAGs    # Errors  Last Runtime    Last Run
------------------------------  -----  ---------  --------  ----------  --------------  -------------------
/opt/airflow/dags/stock_dag.py                           1           0  0.25s           2025-08-08T07:13:05
================================================================================
[2025-08-08T07:14:04.952+0000] {manager.py:878} INFO - 
================================================================================
DAG File Processing Stats

File Path                       PID    Runtime      # DAGs    # Errors  Last Runtime    Last Run
------------------------------  -----  ---------  --------  ----------  --------------  -------------------
/opt/airflow/dags/stock_dag.py                           1           0  0.23s           2025-08-08T07:13:35
================================================================================
[2025-08-08T07:14:35.303+0000] {manager.py:878} INFO - 
================================================================================
DAG File Processing Stats

File Path                       PID    Runtime      # DAGs    # Errors  Last Runtime    Last Run
------------------------------  -----  ---------  --------  ----------  --------------  -------------------
/opt/airflow/dags/stock_dag.py                           1           0  0.23s           2025-08-08T07:14:06
================================================================================
[2025-08-08T07:15:05.662+0000] {manager.py:878} INFO - 
================================================================================
DAG File Processing Stats

File Path                       PID    Runtime      # DAGs    # Errors  Last Runtime    Last Run
------------------------------  -----  ---------  --------  ----------  --------------  -------------------
/opt/airflow/dags/stock_dag.py                           1           0  0.18s           2025-08-08T07:14:36
================================================================================
[2025-08-08T07:15:28.088+0000] {manager.py:737} INFO - Searching for files in /opt/airflow/dags
[2025-08-08T07:15:28.117+0000] {manager.py:740} INFO - There are 1 files in /opt/airflow/dags
[2025-08-08T07:15:35.973+0000] {manager.py:878} INFO - 
================================================================================
DAG File Processing Stats

File Path                       PID    Runtime      # DAGs    # Errors  Last Runtime    Last Run
------------------------------  -----  ---------  --------  ----------  --------------  -------------------
/opt/airflow/dags/stock_dag.py                           1           0  0.23s           2025-08-08T07:15:06
================================================================================
[2025-08-08T07:16:06.424+0000] {manager.py:878} INFO - 
================================================================================
DAG File Processing Stats

File Path                       PID    Runtime      # DAGs    # Errors  Last Runtime    Last Run
------------------------------  -----  ---------  --------  ----------  --------------  -------------------
/opt/airflow/dags/stock_dag.py                           1           0  0.22s           2025-08-08T07:15:37
================================================================================
[2025-08-08T07:16:36.695+0000] {manager.py:878} INFO - 
================================================================================
DAG File Processing Stats

File Path                       PID    Runtime      # DAGs    # Errors  Last Runtime    Last Run
------------------------------  -----  ---------  --------  ----------  --------------  -------------------
/opt/airflow/dags/stock_dag.py                           1           0  0.21s           2025-08-08T07:16:07
================================================================================
[2025-08-08T07:17:07.147+0000] {manager.py:878} INFO - 
================================================================================
DAG File Processing Stats

File Path                       PID    Runtime      # DAGs    # Errors  Last Runtime    Last Run
------------------------------  -----  ---------  --------  ----------  --------------  -------------------
/opt/airflow/dags/stock_dag.py                           1           0  0.22s           2025-08-08T07:16:37
================================================================================
[2025-08-08T07:17:37.456+0000] {manager.py:878} INFO - 
================================================================================
DAG File Processing Stats

File Path                       PID    Runtime      # DAGs    # Errors  Last Runtime    Last Run
------------------------------  -----  ---------  --------  ----------  --------------  -------------------
/opt/airflow/dags/stock_dag.py                           1           0  0.35s           2025-08-08T07:17:08
================================================================================
[2025-08-08T07:18:08.006+0000] {manager.py:878} INFO - 
================================================================================
DAG File Processing Stats

File Path                       PID    Runtime      # DAGs    # Errors  Last Runtime    Last Run
------------------------------  -----  ---------  --------  ----------  --------------  -------------------
/opt/airflow/dags/stock_dag.py                           1           0  0.24s           2025-08-08T07:17:39
================================================================================
[2025-08-08T07:18:38.506+0000] {manager.py:878} INFO - 
================================================================================
DAG File Processing Stats

File Path                       PID    Runtime      # DAGs    # Errors  Last Runtime    Last Run
------------------------------  -----  ---------  --------  ----------  --------------  -------------------
/opt/airflow/dags/stock_dag.py                           1           0  0.45s           2025-08-08T07:18:09
================================================================================
[2025-08-08T07:19:09.279+0000] {manager.py:878} INFO - 
================================================================================
DAG File Processing Stats

File Path                       PID    Runtime      # DAGs    # Errors  Last Runtime    Last Run
------------------------------  -----  ---------  --------  ----------  --------------  -------------------
/opt/airflow/dags/stock_dag.py                           1           0  0.17s           2025-08-08T07:18:40
================================================================================
[2025-08-08T07:19:39.642+0000] {manager.py:878} INFO - 
================================================================================
DAG File Processing Stats

File Path                       PID    Runtime      # DAGs    # Errors  Last Runtime    Last Run
------------------------------  -----  ---------  --------  ----------  --------------  -------------------
/opt/airflow/dags/stock_dag.py                           1           0  0.17s           2025-08-08T07:19:10
================================================================================
[2025-08-08T07:20:09.974+0000] {manager.py:878} INFO - 
================================================================================
DAG File Processing Stats

File Path                       PID    Runtime      # DAGs    # Errors  Last Runtime    Last Run
------------------------------  -----  ---------  --------  ----------  --------------  -------------------
/opt/airflow/dags/stock_dag.py                           1           0  0.27s           2025-08-08T07:19:40
================================================================================
[2025-08-08T07:20:28.286+0000] {manager.py:737} INFO - Searching for files in /opt/airflow/dags
[2025-08-08T07:20:28.340+0000] {manager.py:740} INFO - There are 1 files in /opt/airflow/dags
[2025-08-08T07:20:40.462+0000] {manager.py:878} INFO - 
================================================================================
DAG File Processing Stats

File Path                       PID    Runtime      # DAGs    # Errors  Last Runtime    Last Run
------------------------------  -----  ---------  --------  ----------  --------------  -------------------
/opt/airflow/dags/stock_dag.py                           1           0  0.19s           2025-08-08T07:20:11
================================================================================
[2025-08-08T07:21:10.744+0000] {manager.py:878} INFO - 
================================================================================
DAG File Processing Stats

File Path                       PID    Runtime      # DAGs    # Errors  Last Runtime    Last Run
------------------------------  -----  ---------  --------  ----------  --------------  -------------------
/opt/airflow/dags/stock_dag.py                           1           0  0.20s           2025-08-08T07:20:41
================================================================================
[2025-08-08T07:21:41.179+0000] {manager.py:878} INFO - 
================================================================================
DAG File Processing Stats

File Path                       PID    Runtime      # DAGs    # Errors  Last Runtime    Last Run
------------------------------  -----  ---------  --------  ----------  --------------  -------------------
/opt/airflow/dags/stock_dag.py                           1           0  0.29s           2025-08-08T07:21:12
================================================================================
[2025-08-08T07:22:11.513+0000] {manager.py:878} INFO - 
================================================================================
DAG File Processing Stats

File Path                       PID    Runtime      # DAGs    # Errors  Last Runtime    Last Run
------------------------------  -----  ---------  --------  ----------  --------------  -------------------
/opt/airflow/dags/stock_dag.py                           1           0  0.14s           2025-08-08T07:21:42
================================================================================
[2025-08-08T07:22:41.786+0000] {manager.py:878} INFO - 
================================================================================
DAG File Processing Stats

File Path                       PID    Runtime      # DAGs    # Errors  Last Runtime    Last Run
------------------------------  -----  ---------  --------  ----------  --------------  -------------------
/opt/airflow/dags/stock_dag.py                           1           0  0.16s           2025-08-08T07:22:12
================================================================================
[2025-08-08T07:23:12.148+0000] {manager.py:878} INFO - 
================================================================================
DAG File Processing Stats

File Path                       PID    Runtime      # DAGs    # Errors  Last Runtime    Last Run
------------------------------  -----  ---------  --------  ----------  --------------  -------------------
/opt/airflow/dags/stock_dag.py                           1           0  0.17s           2025-08-08T07:22:42
================================================================================
[2025-08-08T07:23:42.478+0000] {manager.py:878} INFO - 
================================================================================
DAG File Processing Stats

File Path                       PID    Runtime      # DAGs    # Errors  Last Runtime    Last Run
------------------------------  -----  ---------  --------  ----------  --------------  -------------------
/opt/airflow/dags/stock_dag.py                           1           0  0.30s           2025-08-08T07:23:13
================================================================================
[2025-08-08T07:24:12.990+0000] {manager.py:878} INFO - 
================================================================================
DAG File Processing Stats

File Path                       PID    Runtime      # DAGs    # Errors  Last Runtime    Last Run
------------------------------  -----  ---------  --------  ----------  --------------  -------------------
/opt/airflow/dags/stock_dag.py                           1           0  0.28s           2025-08-08T07:23:43
================================================================================
[2025-08-08T07:24:43.290+0000] {manager.py:878} INFO - 
================================================================================
DAG File Processing Stats

File Path                       PID    Runtime      # DAGs    # Errors  Last Runtime    Last Run
------------------------------  -----  ---------  --------  ----------  --------------  -------------------
/opt/airflow/dags/stock_dag.py                           1           0  0.20s           2025-08-08T07:24:14
================================================================================
[2025-08-08T07:25:13.692+0000] {manager.py:878} INFO - 
================================================================================
DAG File Processing Stats

File Path                       PID    Runtime      # DAGs    # Errors  Last Runtime    Last Run
------------------------------  -----  ---------  --------  ----------  --------------  -------------------
/opt/airflow/dags/stock_dag.py                           1           0  0.29s           2025-08-08T07:24:44
================================================================================
[2025-08-08T07:25:28.829+0000] {manager.py:737} INFO - Searching for files in /opt/airflow/dags
[2025-08-08T07:25:28.852+0000] {manager.py:740} INFO - There are 1 files in /opt/airflow/dags
[2025-08-08T07:25:43.990+0000] {manager.py:878} INFO - 
================================================================================
DAG File Processing Stats

File Path                       PID    Runtime      # DAGs    # Errors  Last Runtime    Last Run
------------------------------  -----  ---------  --------  ----------  --------------  -------------------
/opt/airflow/dags/stock_dag.py                           1           0  0.12s           2025-08-08T07:25:14
================================================================================
[2025-08-08T07:26:14.332+0000] {manager.py:878} INFO - 
================================================================================
DAG File Processing Stats

File Path                       PID    Runtime      # DAGs    # Errors  Last Runtime    Last Run
------------------------------  -----  ---------  --------  ----------  --------------  -------------------
/opt/airflow/dags/stock_dag.py                           1           0  0.19s           2025-08-08T07:25:45
================================================================================
[2025-08-08T07:26:44.667+0000] {manager.py:878} INFO - 
================================================================================
DAG File Processing Stats

File Path                       PID    Runtime      # DAGs    # Errors  Last Runtime    Last Run
------------------------------  -----  ---------  --------  ----------  --------------  -------------------
/opt/airflow/dags/stock_dag.py                           1           0  0.27s           2025-08-08T07:26:15
================================================================================
[2025-08-08T07:27:15.100+0000] {manager.py:878} INFO - 
================================================================================
DAG File Processing Stats

File Path                       PID    Runtime      # DAGs    # Errors  Last Runtime    Last Run
------------------------------  -----  ---------  --------  ----------  --------------  -------------------
/opt/airflow/dags/stock_dag.py                           1           0  0.25s           2025-08-08T07:26:45
================================================================================
[2025-08-08T07:27:45.418+0000] {manager.py:878} INFO - 
================================================================================
DAG File Processing Stats

File Path                       PID    Runtime      # DAGs    # Errors  Last Runtime    Last Run
------------------------------  -----  ---------  --------  ----------  --------------  -------------------
/opt/airflow/dags/stock_dag.py                           1           0  0.14s           2025-08-08T07:27:16
================================================================================
[2025-08-08T07:28:15.754+0000] {manager.py:878} INFO - 
================================================================================
DAG File Processing Stats

File Path                       PID    Runtime      # DAGs    # Errors  Last Runtime    Last Run
------------------------------  -----  ---------  --------  ----------  --------------  -------------------
/opt/airflow/dags/stock_dag.py                           1           0  0.23s           2025-08-08T07:27:46
================================================================================
[2025-08-08T07:28:46.400+0000] {manager.py:878} INFO - 
================================================================================
DAG File Processing Stats

File Path                       PID    Runtime      # DAGs    # Errors  Last Runtime    Last Run
------------------------------  -----  ---------  --------  ----------  --------------  -------------------
/opt/airflow/dags/stock_dag.py                           1           0  0.32s           2025-08-08T07:28:17
================================================================================
[2025-08-08T07:29:16.704+0000] {manager.py:878} INFO - 
================================================================================
DAG File Processing Stats

File Path                       PID    Runtime      # DAGs    # Errors  Last Runtime    Last Run
------------------------------  -----  ---------  --------  ----------  --------------  -------------------
/opt/airflow/dags/stock_dag.py                           1           0  0.48s           2025-08-08T07:28:47
================================================================================
[2025-08-08T07:29:46.986+0000] {manager.py:878} INFO - 
================================================================================
DAG File Processing Stats

File Path                       PID    Runtime      # DAGs    # Errors  Last Runtime    Last Run
------------------------------  -----  ---------  --------  ----------  --------------  -------------------
/opt/airflow/dags/stock_dag.py                           1           0  0.57s           2025-08-08T07:29:18
================================================================================
[2025-08-08T07:30:17.299+0000] {manager.py:878} INFO - 
================================================================================
DAG File Processing Stats

File Path                       PID    Runtime      # DAGs    # Errors  Last Runtime    Last Run
------------------------------  -----  ---------  --------  ----------  --------------  -------------------
/opt/airflow/dags/stock_dag.py                           1           0  0.23s           2025-08-08T07:29:49
================================================================================
[2025-08-08T07:30:29.575+0000] {manager.py:737} INFO - Searching for files in /opt/airflow/dags
[2025-08-08T07:30:29.635+0000] {manager.py:740} INFO - There are 1 files in /opt/airflow/dags
[2025-08-08T07:30:47.834+0000] {manager.py:878} INFO - 
================================================================================
DAG File Processing Stats

File Path                       PID    Runtime      # DAGs    # Errors  Last Runtime    Last Run
------------------------------  -----  ---------  --------  ----------  --------------  -------------------
/opt/airflow/dags/stock_dag.py                           1           0  0.28s           2025-08-08T07:30:19
================================================================================
[2025-08-08T07:31:18.141+0000] {manager.py:878} INFO - 
================================================================================
DAG File Processing Stats

File Path                       PID    Runtime      # DAGs    # Errors  Last Runtime    Last Run
------------------------------  -----  ---------  --------  ----------  --------------  -------------------
/opt/airflow/dags/stock_dag.py                           1           0  0.18s           2025-08-08T07:30:50
================================================================================
[2025-08-08T07:31:48.525+0000] {manager.py:878} INFO - 
================================================================================
DAG File Processing Stats

File Path                       PID    Runtime      # DAGs    # Errors  Last Runtime    Last Run
------------------------------  -----  ---------  --------  ----------  --------------  -------------------
/opt/airflow/dags/stock_dag.py                           1           0  0.65s           2025-08-08T07:31:20
================================================================================
[2025-08-08T07:32:18.616+0000] {manager.py:878} INFO - 
================================================================================
DAG File Processing Stats

File Path                       PID    Runtime      # DAGs    # Errors  Last Runtime    Last Run
------------------------------  -----  ---------  --------  ----------  --------------  -------------------
/opt/airflow/dags/stock_dag.py                           1           0  0.27s           2025-08-08T07:31:51
================================================================================
[2025-08-08T07:32:48.821+0000] {manager.py:878} INFO - 
================================================================================
DAG File Processing Stats

File Path                       PID    Runtime      # DAGs    # Errors  Last Runtime    Last Run
------------------------------  -----  ---------  --------  ----------  --------------  -------------------
/opt/airflow/dags/stock_dag.py                           1           0  0.24s           2025-08-08T07:32:21
================================================================================
[2025-08-08T07:33:19.388+0000] {manager.py:878} INFO - 
================================================================================
DAG File Processing Stats

File Path                       PID    Runtime      # DAGs    # Errors  Last Runtime    Last Run
------------------------------  -----  ---------  --------  ----------  --------------  -------------------
/opt/airflow/dags/stock_dag.py                           1           0  1.14s           2025-08-08T07:33:07
================================================================================
[2025-08-08T07:33:49.745+0000] {manager.py:878} INFO - 
================================================================================
DAG File Processing Stats

File Path                       PID    Runtime      # DAGs    # Errors  Last Runtime    Last Run
------------------------------  -----  ---------  --------  ----------  --------------  -------------------
/opt/airflow/dags/stock_dag.py                           1           0  0.57s           2025-08-08T07:33:38
================================================================================
[2025-08-08T07:34:19.847+0000] {manager.py:878} INFO - 
================================================================================
DAG File Processing Stats

File Path                       PID    Runtime      # DAGs    # Errors  Last Runtime    Last Run
------------------------------  -----  ---------  --------  ----------  --------------  -------------------
/opt/airflow/dags/stock_dag.py                           1           0  0.34s           2025-08-08T07:34:08
================================================================================
[2025-08-08T07:34:50.120+0000] {manager.py:878} INFO - 
================================================================================
DAG File Processing Stats

File Path                       PID    Runtime      # DAGs    # Errors  Last Runtime    Last Run
------------------------------  -----  ---------  --------  ----------  --------------  -------------------
/opt/airflow/dags/stock_dag.py                           1           0  0.11s           2025-08-08T07:34:39
================================================================================
[2025-08-08T07:35:20.438+0000] {manager.py:878} INFO - 
================================================================================
DAG File Processing Stats

File Path                       PID    Runtime      # DAGs    # Errors  Last Runtime    Last Run
------------------------------  -----  ---------  --------  ----------  --------------  -------------------
/opt/airflow/dags/stock_dag.py                           1           0  0.54s           2025-08-08T07:35:09
================================================================================
[2025-08-08T07:35:30.010+0000] {manager.py:737} INFO - Searching for files in /opt/airflow/dags
[2025-08-08T07:35:30.038+0000] {manager.py:740} INFO - There are 1 files in /opt/airflow/dags
[2025-08-08T07:35:51.241+0000] {manager.py:878} INFO - 
================================================================================
DAG File Processing Stats

File Path                       PID    Runtime      # DAGs    # Errors  Last Runtime    Last Run
------------------------------  -----  ---------  --------  ----------  --------------  -------------------
/opt/airflow/dags/stock_dag.py                           1           0  0.14s           2025-08-08T07:35:40
================================================================================
[2025-08-08T07:36:21.630+0000] {manager.py:878} INFO - 
================================================================================
DAG File Processing Stats

File Path                       PID    Runtime      # DAGs    # Errors  Last Runtime    Last Run
------------------------------  -----  ---------  --------  ----------  --------------  -------------------
/opt/airflow/dags/stock_dag.py                           1           0  0.62s           2025-08-08T07:36:11
================================================================================
[2025-08-08T07:36:52.468+0000] {manager.py:878} INFO - 
================================================================================
DAG File Processing Stats

File Path                       PID    Runtime      # DAGs    # Errors  Last Runtime    Last Run
------------------------------  -----  ---------  --------  ----------  --------------  -------------------
/opt/airflow/dags/stock_dag.py                           1           0  0.15s           2025-08-08T07:36:41
================================================================================
[2025-08-08T07:37:22.803+0000] {manager.py:878} INFO - 
================================================================================
DAG File Processing Stats

File Path                       PID    Runtime      # DAGs    # Errors  Last Runtime    Last Run
------------------------------  -----  ---------  --------  ----------  --------------  -------------------
/opt/airflow/dags/stock_dag.py                           1           0  0.21s           2025-08-08T07:37:11
================================================================================
[2025-08-08T07:37:53.184+0000] {manager.py:878} INFO - 
================================================================================
DAG File Processing Stats

File Path                       PID    Runtime      # DAGs    # Errors  Last Runtime    Last Run
------------------------------  -----  ---------  --------  ----------  --------------  -------------------
/opt/airflow/dags/stock_dag.py                           1           0  0.23s           2025-08-08T07:37:42
================================================================================
[2025-08-08T07:38:23.544+0000] {manager.py:878} INFO - 
================================================================================
DAG File Processing Stats

File Path                       PID    Runtime      # DAGs    # Errors  Last Runtime    Last Run
------------------------------  -----  ---------  --------  ----------  --------------  -------------------
/opt/airflow/dags/stock_dag.py                           1           0  0.20s           2025-08-08T07:38:12
================================================================================
[2025-08-08T07:38:53.931+0000] {manager.py:878} INFO - 
================================================================================
DAG File Processing Stats

File Path                       PID    Runtime      # DAGs    # Errors  Last Runtime    Last Run
------------------------------  -----  ---------  --------  ----------  --------------  -------------------
/opt/airflow/dags/stock_dag.py                           1           0  0.36s           2025-08-08T07:38:43
================================================================================
[2025-08-08T07:39:24.409+0000] {manager.py:878} INFO - 
================================================================================
DAG File Processing Stats

File Path                       PID    Runtime      # DAGs    # Errors  Last Runtime    Last Run
------------------------------  -----  ---------  --------  ----------  --------------  -------------------
/opt/airflow/dags/stock_dag.py                           1           0  0.19s           2025-08-08T07:39:13
================================================================================
[2025-08-08T07:39:54.839+0000] {manager.py:878} INFO - 
================================================================================
DAG File Processing Stats

File Path                       PID    Runtime      # DAGs    # Errors  Last Runtime    Last Run
------------------------------  -----  ---------  --------  ----------  --------------  -------------------
/opt/airflow/dags/stock_dag.py                           1           0  0.19s           2025-08-08T07:39:43
================================================================================
[2025-08-08T07:40:25.127+0000] {manager.py:878} INFO - 
================================================================================
DAG File Processing Stats

File Path                       PID    Runtime      # DAGs    # Errors  Last Runtime    Last Run
------------------------------  -----  ---------  --------  ----------  --------------  -------------------
/opt/airflow/dags/stock_dag.py                           1           0  0.20s           2025-08-08T07:40:14
================================================================================
[2025-08-08T07:40:30.173+0000] {manager.py:737} INFO - Searching for files in /opt/airflow/dags
[2025-08-08T07:40:30.243+0000] {manager.py:740} INFO - There are 1 files in /opt/airflow/dags
[2025-08-08T10:32:43.850+0000] {manager.py:470} INFO - Processing files using up to 2 processes at a time 
[2025-08-08T10:32:43.858+0000] {manager.py:471} INFO - Process each file at most once every 30 seconds
[2025-08-08T10:32:43.866+0000] {manager.py:472} INFO - Checking for new files in /opt/airflow/dags every 300 seconds
[2025-08-08T10:32:43.873+0000] {manager.py:737} INFO - Searching for files in /opt/airflow/dags
[2025-08-08T10:32:43.993+0000] {manager.py:740} INFO - There are 1 files in /opt/airflow/dags
[2025-08-08T10:32:44.776+0000] {manager.py:878} INFO - 
================================================================================
DAG File Processing Stats

File Path                         PID  Runtime      # DAGs    # Errors  Last Runtime    Last Run
------------------------------  -----  ---------  --------  ----------  --------------  ----------
/opt/airflow/dags/stock_dag.py    198  0.35s             0           0
================================================================================
[2025-08-08T10:33:15.326+0000] {manager.py:878} INFO - 
================================================================================
DAG File Processing Stats

File Path                         PID  Runtime      # DAGs    # Errors  Last Runtime    Last Run
------------------------------  -----  ---------  --------  ----------  --------------  -------------------
/opt/airflow/dags/stock_dag.py    213  0.03s             0           1  0.61s           2025-08-08T10:32:45
================================================================================
[2025-08-08T10:33:45.861+0000] {manager.py:878} INFO - 
================================================================================
DAG File Processing Stats

File Path                         PID  Runtime      # DAGs    # Errors  Last Runtime    Last Run
------------------------------  -----  ---------  --------  ----------  --------------  -------------------
/opt/airflow/dags/stock_dag.py    218  0.00s             0           1  0.38s           2025-08-08T10:33:15
================================================================================
[2025-08-08T10:34:16.175+0000] {manager.py:878} INFO - 
================================================================================
DAG File Processing Stats

File Path                         PID  Runtime      # DAGs    # Errors  Last Runtime    Last Run
------------------------------  -----  ---------  --------  ----------  --------------  -------------------
/opt/airflow/dags/stock_dag.py    223  0.01s             0           1  0.20s           2025-08-08T10:33:46
================================================================================
[2025-08-08T10:34:46.467+0000] {manager.py:878} INFO - 
================================================================================
DAG File Processing Stats

File Path                         PID  Runtime      # DAGs    # Errors  Last Runtime    Last Run
------------------------------  -----  ---------  --------  ----------  --------------  -------------------
/opt/airflow/dags/stock_dag.py    228  0.00s             0           1  0.16s           2025-08-08T10:34:16
================================================================================
[2025-08-08T10:35:16.656+0000] {manager.py:878} INFO - 
================================================================================
DAG File Processing Stats

File Path                         PID  Runtime      # DAGs    # Errors  Last Runtime    Last Run
------------------------------  -----  ---------  --------  ----------  --------------  -------------------
/opt/airflow/dags/stock_dag.py    233  0.01s             0           1  0.07s           2025-08-08T10:34:46
================================================================================
[2025-08-08T10:35:47.017+0000] {manager.py:878} INFO - 
================================================================================
DAG File Processing Stats

File Path                         PID  Runtime      # DAGs    # Errors  Last Runtime    Last Run
------------------------------  -----  ---------  --------  ----------  --------------  -------------------
/opt/airflow/dags/stock_dag.py    238  0.02s             0           1  0.12s           2025-08-08T10:35:16
================================================================================
[2025-08-08T10:36:17.311+0000] {manager.py:878} INFO - 
================================================================================
DAG File Processing Stats

File Path                       PID    Runtime      # DAGs    # Errors  Last Runtime    Last Run
------------------------------  -----  ---------  --------  ----------  --------------  -------------------
/opt/airflow/dags/stock_dag.py                           0           1  0.43s           2025-08-08T10:35:47
================================================================================
[2025-08-08T10:36:47.909+0000] {manager.py:878} INFO - 
================================================================================
DAG File Processing Stats

File Path                       PID    Runtime      # DAGs    # Errors  Last Runtime    Last Run
------------------------------  -----  ---------  --------  ----------  --------------  -------------------
/opt/airflow/dags/stock_dag.py                           1           0  1.16s           2025-08-08T10:36:18
================================================================================
[2025-08-08T10:37:18.273+0000] {manager.py:878} INFO - 
================================================================================
DAG File Processing Stats

File Path                       PID    Runtime      # DAGs    # Errors  Last Runtime    Last Run
------------------------------  -----  ---------  --------  ----------  --------------  -------------------
/opt/airflow/dags/stock_dag.py                           1           0  0.17s           2025-08-08T10:36:49
================================================================================
[2025-08-08T10:37:44.462+0000] {manager.py:737} INFO - Searching for files in /opt/airflow/dags
[2025-08-08T10:37:44.516+0000] {manager.py:740} INFO - There are 1 files in /opt/airflow/dags
[2025-08-08T10:37:48.575+0000] {manager.py:878} INFO - 
================================================================================
DAG File Processing Stats

File Path                       PID    Runtime      # DAGs    # Errors  Last Runtime    Last Run
------------------------------  -----  ---------  --------  ----------  --------------  -------------------
/opt/airflow/dags/stock_dag.py                           1           0  0.13s           2025-08-08T10:37:19
================================================================================
[2025-08-08T10:38:18.840+0000] {manager.py:878} INFO - 
================================================================================
DAG File Processing Stats

File Path                       PID    Runtime      # DAGs    # Errors  Last Runtime    Last Run
------------------------------  -----  ---------  --------  ----------  --------------  -------------------
/opt/airflow/dags/stock_dag.py                           1           0  0.19s           2025-08-08T10:37:49
================================================================================
